<?xml version="1.0" encoding="UTF-8"?>
<testsuite xmlns:xsi="http://www.w3.org/2001/XMLSchema-instance" xsi:noNamespaceSchemaLocation="https://maven.apache.org/surefire/maven-surefire-plugin/xsd/surefire-test-report.xsd" name="com.globalmarket.ProductoUnitTest" time="12.739" tests="1" errors="0" skipped="1" failures="0">
  <properties>
[...]
</properties>
  <testcase name="comprobarSiBuscaProductoPorCategoria" classname="com.globalmarket.ProductoUnitTest" time="0">
    <skipped message="public void com.globalmarket.ProductoUnitTest.comprobarSiBuscaProductoPorCategoria() is @Disabled"/>
    <system-out><![CDATA[23:52:01.696 [main] DEBUG org.springframework.test.context.BootstrapUtils - Instantiating CacheAwareContextLoaderDelegate from class [org.springframework.test.context.cache.DefaultCacheAwareContextLoaderDelegate]
23:52:01.713 [main] DEBUG org.springframework.test.context.BootstrapUtils - Instantiating BootstrapContext using constructor [public org.springframework.test.context.support.DefaultBootstrapContext(java.lang.Class,org.springframework.test.context.CacheAwareContextLoaderDelegate)]
23:52:01.810 [main] DEBUG org.springframework.test.context.BootstrapUtils - Instantiating TestContextBootstrapper for test class [com.globalmarket.ProductoUnitTest] from class [org.springframework.boot.test.context.SpringBootTestContextBootstrapper]
23:52:01.853 [main] INFO org.springframework.boot.test.context.SpringBootTestContextBootstrapper - Neither @ContextConfiguration nor @ContextHierarchy found for test class [com.globalmarket.ProductoUnitTest], using SpringBootContextLoader
23:52:01.860 [main] DEBUG org.springframework.test.context.support.AbstractContextLoader - Did not detect default resource location for test class [com.globalmarket.ProductoUnitTest]: class path resource [com/globalmarket/ProductoUnitTest-context.xml] does not exist
23:52:01.862 [main] DEBUG org.springframework.test.context.support.AbstractContextLoader - Did not detect default resource location for test class [com.globalmarket.ProductoUnitTest]: class path resource [com/globalmarket/ProductoUnitTestContext.groovy] does not exist
23:52:01.863 [main] INFO org.springframework.test.context.support.AbstractContextLoader - Could not detect default resource locations for test class [com.globalmarket.ProductoUnitTest]: no resource found for suffixes {-context.xml, Context.groovy}.
23:52:01.865 [main] INFO org.springframework.test.context.support.AnnotationConfigContextLoaderUtils - Could not detect default configuration classes for test class [com.globalmarket.ProductoUnitTest]: ProductoUnitTest does not declare any static, non-private, non-final, nested classes annotated with @Configuration.
23:52:01.978 [main] DEBUG org.springframework.test.context.support.ActiveProfilesUtils - Could not find an 'annotation declaring class' for annotation type [org.springframework.test.context.ActiveProfiles] and class [com.globalmarket.ProductoUnitTest]
23:52:02.145 [main] DEBUG org.springframework.context.annotation.ClassPathScanningCandidateComponentProvider - Identified candidate component class: file [D:\Users\Documents\ProyectoCiclo3\globalmarket\target\classes\com\globalmarket\GlobalmarketApplication.class]
23:52:02.147 [main] INFO org.springframework.boot.test.context.SpringBootTestContextBootstrapper - Found @SpringBootConfiguration com.globalmarket.GlobalmarketApplication for test class com.globalmarket.ProductoUnitTest
23:52:02.384 [main] DEBUG org.springframework.boot.test.context.SpringBootTestContextBootstrapper - @TestExecutionListeners is not present for class [com.globalmarket.ProductoUnitTest]: using defaults.
23:52:02.385 [main] INFO org.springframework.boot.test.context.SpringBootTestContextBootstrapper - Loaded default TestExecutionListener class names from location [META-INF/spring.factories]: [org.springframework.boot.test.mock.mockito.MockitoTestExecutionListener, org.springframework.boot.test.mock.mockito.ResetMocksTestExecutionListener, org.springframework.boot.test.autoconfigure.restdocs.RestDocsTestExecutionListener, org.springframework.boot.test.autoconfigure.web.client.MockRestServiceServerResetTestExecutionListener, org.springframework.boot.test.autoconfigure.web.servlet.MockMvcPrintOnlyOnFailureTestExecutionListener, org.springframework.boot.test.autoconfigure.web.servlet.WebDriverTestExecutionListener, org.springframework.boot.test.autoconfigure.webservices.client.MockWebServiceServerTestExecutionListener, org.springframework.test.context.web.ServletTestExecutionListener, org.springframework.test.context.support.DirtiesContextBeforeModesTestExecutionListener, org.springframework.test.context.event.ApplicationEventsTestExecutionListener, org.springframework.test.context.support.DependencyInjectionTestExecutionListener, org.springframework.test.context.support.DirtiesContextTestExecutionListener, org.springframework.test.context.transaction.TransactionalTestExecutionListener, org.springframework.test.context.jdbc.SqlScriptsTestExecutionListener, org.springframework.test.context.event.EventPublishingTestExecutionListener]
23:52:02.412 [main] INFO org.springframework.boot.test.context.SpringBootTestContextBootstrapper - Using TestExecutionListeners: [org.springframework.test.context.web.ServletTestExecutionListener@1951b871, org.springframework.test.context.support.DirtiesContextBeforeModesTestExecutionListener@5c18016b, org.springframework.test.context.event.ApplicationEventsTestExecutionListener@33aeca0b, org.springframework.boot.test.mock.mockito.MockitoTestExecutionListener@43aaf813, org.springframework.boot.test.autoconfigure.SpringBootDependencyInjectionTestExecutionListener@57ac5227, org.springframework.test.context.support.DirtiesContextTestExecutionListener@4ba302e0, org.springframework.test.context.transaction.TransactionalTestExecutionListener@e98770d, org.springframework.test.context.jdbc.SqlScriptsTestExecutionListener@1ae67cad, org.springframework.test.context.event.EventPublishingTestExecutionListener@2f6e28bc, org.springframework.boot.test.mock.mockito.ResetMocksTestExecutionListener@7c098bb3, org.springframework.boot.test.autoconfigure.restdocs.RestDocsTestExecutionListener@31e4bb20, org.springframework.boot.test.autoconfigure.web.client.MockRestServiceServerResetTestExecutionListener@18cebaa5, org.springframework.boot.test.autoconfigure.web.servlet.MockMvcPrintOnlyOnFailureTestExecutionListener@463b4ac8, org.springframework.boot.test.autoconfigure.web.servlet.WebDriverTestExecutionListener@765f05af, org.springframework.boot.test.autoconfigure.webservices.client.MockWebServiceServerTestExecutionListener@62f68dff]
23:52:02.418 [main] DEBUG org.springframework.test.context.support.AbstractDirtiesContextTestExecutionListener - Before test class: context [DefaultTestContext@55342f40 testClass = ProductoUnitTest, testInstance = [null], testMethod = [null], testException = [null], mergedContextConfiguration = [WebMergedContextConfiguration@a4ca3f6 testClass = ProductoUnitTest, locations = '{}', classes = '{class com.globalmarket.GlobalmarketApplication}', contextInitializerClasses = '[]', activeProfiles = '{}', propertySourceLocations = '{}', propertySourceProperties = '{org.springframework.boot.test.context.SpringBootTestContextBootstrapper=true}', contextCustomizers = set[org.springframework.boot.test.context.filter.ExcludeFilterContextCustomizer@463fd068, org.springframework.boot.test.json.DuplicateJsonObjectContextCustomizerFactory$DuplicateJsonObjectContextCustomizer@651aed93, org.springframework.boot.test.mock.mockito.MockitoContextCustomizer@0, org.springframework.boot.test.web.client.TestRestTemplateContextCustomizer@2fba3fc4, org.springframework.boot.test.autoconfigure.actuate.metrics.MetricsExportContextCustomizerFactory$DisableMetricExportContextCustomizer@37fb0bed, org.springframework.boot.test.autoconfigure.properties.PropertyMappingContextCustomizer@0, org.springframework.boot.test.autoconfigure.web.servlet.WebDriverContextCustomizerFactory$Customizer@1e81f160, org.springframework.boot.test.context.SpringBootTestArgs@1, org.springframework.boot.test.context.SpringBootTestWebEnvironment@3427b02d], resourceBasePath = 'src/main/webapp', contextLoader = 'org.springframework.boot.test.context.SpringBootContextLoader', parent = [null]], attributes = map['org.springframework.test.context.web.ServletTestExecutionListener.activateListener' -> true]], class annotated with @DirtiesContext [false] with mode [null].

  .   ____          _            __ _ _
 /\\ / ___'_ __ _ _(_)_ __  __ _ \ \ \ \
( ( )\___ | '_ | '_| | '_ \/ _` | \ \ \ \
 \\/  ___)| |_)| | | | | || (_| |  ) ) ) )
  '  |____| .__|_| |_|_| |_\__, | / / / /
 =========|_|==============|___/=/_/_/_/
 :: Spring Boot ::                (v2.7.3)

2022-09-15 23:52:03.314  INFO 11448 --- [           main] com.globalmarket.ProductoUnitTest        : Starting ProductoUnitTest using Java 11.0.16 on DESKTOP-30BBKNG with PID 11448 (started by jlvid in D:\Users\Documents\ProyectoCiclo3\globalmarket)
2022-09-15 23:52:03.317  INFO 11448 --- [           main] com.globalmarket.ProductoUnitTest        : No active profile set, falling back to 1 default profile: "default"
2022-09-15 23:52:05.243  INFO 11448 --- [           main] .s.d.r.c.RepositoryConfigurationDelegate : Bootstrapping Spring Data JPA repositories in DEFAULT mode.
2022-09-15 23:52:05.376  INFO 11448 --- [           main] .s.d.r.c.RepositoryConfigurationDelegate : Finished Spring Data repository scanning in 114 ms. Found 4 JPA repository interfaces.
2022-09-15 23:52:06.850  INFO 11448 --- [           main] o.hibernate.jpa.internal.util.LogHelper  : HHH000204: Processing PersistenceUnitInfo [name: default]
2022-09-15 23:52:06.953  INFO 11448 --- [           main] org.hibernate.Version                    : HHH000412: Hibernate ORM core version 5.6.10.Final
2022-09-15 23:52:07.222  INFO 11448 --- [           main] o.hibernate.annotations.common.Version   : HCANN000001: Hibernate Commons Annotations {5.1.2.Final}
2022-09-15 23:52:07.860  INFO 11448 --- [           main] com.zaxxer.hikari.HikariDataSource       : HikariPool-1 - Starting...
2022-09-15 23:52:08.620  INFO 11448 --- [           main] com.zaxxer.hikari.HikariDataSource       : HikariPool-1 - Start completed.
2022-09-15 23:52:08.656  INFO 11448 --- [           main] org.hibernate.dialect.Dialect            : HHH000400: Using dialect: org.hibernate.dialect.MySQL5Dialect
2022-09-15 23:52:10.597  INFO 11448 --- [           main] o.h.e.t.j.p.i.JtaPlatformInitiator       : HHH000490: Using JtaPlatform implementation: [org.hibernate.engine.transaction.jta.platform.internal.NoJtaPlatform]
2022-09-15 23:52:10.616  INFO 11448 --- [           main] j.LocalContainerEntityManagerFactoryBean : Initialized JPA EntityManagerFactory for persistence unit 'default'
2022-09-15 23:52:12.727  WARN 11448 --- [           main] JpaBaseConfiguration$JpaWebConfiguration : spring.jpa.open-in-view is enabled by default. Therefore, database queries may be performed during view rendering. Explicitly configure spring.jpa.open-in-view to disable this warning
2022-09-15 23:52:13.552  INFO 11448 --- [           main] o.s.b.a.w.s.WelcomePageHandlerMapping    : Adding welcome page template: index
2022-09-15 23:52:14.262  INFO 11448 --- [           main] com.globalmarket.ProductoUnitTest        : Started ProductoUnitTest in 11.773 seconds (JVM running for 14.36)
]]></system-out>
  </testcase>
</testsuite>